<?xml version="1.0" encoding="UTF-8"?>
<testsuite xmlns:xsi="http://www.w3.org/2001/XMLSchema-instance" xsi:noNamespaceSchemaLocation="https://maven.apache.org/surefire/maven-surefire-plugin/xsd/surefire-test-report-3.0.xsd" version="3.0" name="com.cu.cukes.runners.RunCukeTest" time="6.458" tests="9" errors="0" skipped="0" failures="0">
  <properties>
[...]
</properties>
  <testcase name="1 - Validate Contoso University Students page" classname="Contoso University Students page #1" time="2.62">
    <system-out><![CDATA[
@Reg
Scenario: 1 - Validate Contoso University Students page # src/main/resources/features/Automation test/TestingTask.feature:7
Starting - 1 - Validate Contoso University Students page
  Given I launch contoso university application         # com.cu.cukes.stepdefs.CommonStepDefs.iLaunchContosoUniversityApplication()
Students menu option is clicked
  When I click on "Students" menu option                # com.cu.cukes.stepdefs.CommonStepDefs.iClickOnMenuOption(java.lang.String)
------------------------------------------------------------------------------------------------
Contoso University Students page validations: 
Validate Header Text : Students
Create New
Find by name:
Last Name First Name Enrollment Date
Pasyavula Sai 2000-06-01 Edit | Details | Delete
Pasyavula Akhil 2022-11-01 Edit | Details | Delete
Pasyavula Venky 2023-05-23 Edit | Details | Delete
Edit
Details
Delete
Students
Create New
Find by name:
Last Name First Name Enrollment Date
Pasyavula Sai 2000-06-01 Edit | Details | Delete
Pasyavula Akhil 2022-11-01 Edit | Details | Delete
Pasyavula Venky 2023-05-23 Edit | Details | Delete

Page 1 of 2
1
2
»
© 2024 - Contoso University
1
Validate pages Text : 1
------------------------------------------------------------------------------------------------
  Then I validate contoso university "Students" page    # com.cu.cukes.stepdefs.CommonStepDefs.iValidateContosoUniversityPage(java.lang.String)
1 - Validate Contoso University Students page Status - PASSED
]]></system-out>
    <system-err><![CDATA[Jan 30, 2024 12:25:29 PM io.github.bonigarcia.wdm.WebDriverManager exportDriver
INFO: Exporting webdriver.chrome.driver as C:\Users\pasya\.cache\selenium\chromedriver\win64\120.0.6099.71\chromedriver.exe
Jan 30, 2024 12:25:30 PM org.openqa.selenium.devtools.CdpVersionFinder findNearestMatch
WARNING: Unable to find CDP implementation matching 121
Jan 30, 2024 12:25:30 PM org.openqa.selenium.chromium.ChromiumDriver lambda$new$5
WARNING: Unable to find version of CDP to use for 121.0.6167.85. You may need to include a dependency on a specific version of the CDP using something similar to `org.seleniumhq.selenium:selenium-devtools-v86:4.11.0` where the version ("v86") matches the version of the chromium-based browser you're using and the version number of the artifact is the same as Selenium's.
]]></system-err>
  </testcase>
  <testcase name="1 - Validate Contoso University About page #1" classname="Contoso University About page" time="0.31">
    <system-out><![CDATA[
@Reg
Scenario: 1 - Validate Contoso University About page # src/main/resources/features/CUAboutPage/ValidateCUAboutPage.feature:7
Starting - 1 - Validate Contoso University About page
  Given I launch contoso university application      # com.cu.cukes.stepdefs.CommonStepDefs.iLaunchContosoUniversityApplication()
About menu option is clicked
  When I click on "About" menu option                # com.cu.cukes.stepdefs.CommonStepDefs.iClickOnMenuOption(java.lang.String)
------------------------------------------------------------------------------------------------
Contoso University About page validations: 
Validate Header Text : Student Body Statistics
Student Body Statistics existing status is : true

Enrollment Date Students
01/06/2000 1
01/11/2022 1
23/05/2023 1
09/12/2023 1
------------------------------------------------------------------------------------------------
  Then I validate contoso university "About" page    # com.cu.cukes.stepdefs.CommonStepDefs.iValidateContosoUniversityPage(java.lang.String)
1 - Validate Contoso University About page Status - PASSED
]]></system-out>
  </testcase>
  <testcase name="1 - Validate Contoso University About page #2" classname="Contoso University About page" time="0.256">
    <system-out><![CDATA[
@Reg
Scenario: 1 - Validate Contoso University About page # src/main/resources/features/CUAboutPage/ValidateCUAboutPage.feature:13
Starting - 1 - Validate Contoso University About page
  Given I launch contoso university application      # com.cu.cukes.stepdefs.CommonStepDefs.iLaunchContosoUniversityApplication()
About menu option is clicked
  When I click on "About" menu option                # com.cu.cukes.stepdefs.CommonStepDefs.iClickOnMenuOption(java.lang.String)
------------------------------------------------------------------------------------------------
Contoso University About page validations: 
Validate Header Text : Student Body Statistics
Student Body Statistics existing status is : true

Enrollment Date Students
01/06/2000 1
01/11/2022 1
23/05/2023 1
09/12/2023 1
------------------------------------------------------------------------------------------------
  Then I validate contoso university "About" page    # com.cu.cukes.stepdefs.CommonStepDefs.iValidateContosoUniversityPage(java.lang.String)
1 - Validate Contoso University About page Status - PASSED
]]></system-out>
  </testcase>
  <testcase name="1 - Validate Contoso University Courses page" classname="Contoso University Courses page" time="0.365">
    <system-out><![CDATA[
@Reg
Scenario: 1 - Validate Contoso University Courses page # src/main/resources/features/CUCoursesPage/ValidateCUCourcesPage.feature:7
Starting - 1 - Validate Contoso University Courses page
  Given I launch contoso university application        # com.cu.cukes.stepdefs.CommonStepDefs.iLaunchContosoUniversityApplication()
Courses menu option is clicked
  When I click on "Courses" menu option                # com.cu.cukes.stepdefs.CommonStepDefs.iClickOnMenuOption(java.lang.String)
------------------------------------------------------------------------------------------------
Contoso University Home page validations: 
Validate Header Text : Courses
Create New
Select Department:
All
English
Science
Software
Space
Number Title Credits Department
1 Computers 5 Software Edit | Details | Delete
2 Space 3 Space Edit | Details | Delete
3 Science 1 Science Edit | Details | Delete
9000 English 3 English Edit | Details | Delete
Edit
Details
Delete
------------------------------------------------------------------------------------------------
  Then I validate contoso university "Courses" page    # com.cu.cukes.stepdefs.CommonStepDefs.iValidateContosoUniversityPage(java.lang.String)
1 - Validate Contoso University Courses page Status - PASSED
]]></system-out>
  </testcase>
  <testcase name="1 - Validate Contoso University Departments page" classname="Contoso University Departments page" time="0.316">
    <system-out><![CDATA[
@Reg
Scenario: 1 - Validate Contoso University Departments page # src/main/resources/features/CUDepartmentsPage/ValidateCUDepartmentsPage.feature:7
Starting - 1 - Validate Contoso University Departments page
  Given I launch contoso university application            # com.cu.cukes.stepdefs.CommonStepDefs.iLaunchContosoUniversityApplication()
Departments menu option is clicked
  When I click on "Departments" menu option                # com.cu.cukes.stepdefs.CommonStepDefs.iClickOnMenuOption(java.lang.String)
------------------------------------------------------------------------------------------------
Contoso University Home page validations: 
Validate Header Text : Departments
See Create new link  existing status is : true
Name Budget Start Date Administrator
Software £100,000.00 2022-11-01 Pasyavula, Venky Edit | Details | Delete
Space £100,000.00 2022-11-02 Pasyavula, Sai Edit | Details | Delete
Science £50,000.00 2023-03-09 Pasyavula, Akhil Edit | Details | Delete
English £25,000.00 2024-01-09 Pasyavula, Padmaja Edit | Details | Delete
Edit
Details
Delete
------------------------------------------------------------------------------------------------
  Then I validate contoso university "Departments" page    # com.cu.cukes.stepdefs.CommonStepDefs.iValidateContosoUniversityPage(java.lang.String)
1 - Validate Contoso University Departments page Status - PASSED
]]></system-out>
  </testcase>
  <testcase name="1 - Validate Contoso University Landing page" classname="Contoso University Home page" time="0.545">
    <system-out><![CDATA[
@Reg
Scenario: 1 - Validate Contoso University Landing page         # src/main/resources/features/CUHomePage/ValidateCUHomePage.feature:7
Starting - 1 - Validate Contoso University Landing page
  Given I launch contoso university application                # com.cu.cukes.stepdefs.CommonStepDefs.iLaunchContosoUniversityApplication()
------------------------------------------------------------------------------------------------
Contoso University Menu options validations: 
'Contoso University image existence status' : true
'Home menu existence status' : true
'About menu existence status' : true
'Students menu existence status' : true
'Courses menu existence status' : true
'Instructors menu existence status' : true
'Departments menu existence status' : true
'Footer link existence status' : true
------------------------------------------------------------------------------------------------
------------------------------------------------------------------------------------------------
Contoso University Home page validations: 
Validate Header Text : Contoso University
Validate welcome Text : Welcome to Contoso University
Validate welcome details Text : Contoso University is a sample application that demonstrates how to use Entity Framework 6 in an ASP.NET MVC 5 web application.
Validate build Text : Build it from scratch
Validate build details Text : You can build the application by following the steps in the tutorial series on the ASP.NET site.
Validate download Text : Download it
Validate download details Text : You can download the completed project from the Microsoft Code Gallery.
------------------------------------------------------------------------------------------------
  When I validate contoso university home page                 # com.cu.cukes.stepdefs.CUHomePageStepDef.iValidateContosoUniversityHomePage()
------------------------------------------------------------------------------------------------
Contoso University Home page validations: 
'See tutorial button status' : true
'Download button status' : true
------------------------------------------------------------------------------------------------
  Then I am also validate contoso university home page buttons # com.cu.cukes.stepdefs.CUHomePageStepDef.iAmAlsoValidateContosoUniversityHomePageButtons()
1 - Validate Contoso University Landing page Status - PASSED
]]></system-out>
  </testcase>
  <testcase name="1 - Validate Contoso University Instructors page" classname="Contoso University Instructors page" time="0.3">
    <system-out><![CDATA[
@Reg
Scenario: 1 - Validate Contoso University Instructors page # src/main/resources/features/CUInstructorsPage/ValidateCUInstructorsPage.feature:7
Starting - 1 - Validate Contoso University Instructors page
  Given I launch contoso university application            # com.cu.cukes.stepdefs.CommonStepDefs.iLaunchContosoUniversityApplication()
Instructors menu option is clicked
  When I click on "Instructors" menu option                # com.cu.cukes.stepdefs.CommonStepDefs.iClickOnMenuOption(java.lang.String)
------------------------------------------------------------------------------------------------
Contoso University Home page validations: 
Validate Header Text : Instructors
See Create new link  existing status is : true
Last Name First Name Hire Date Office Courses
Pasyavula Venky 2022-11-01 1 Computers
Select | Edit | Details | Delete
Pasyavula Sai 2022-11-02 2 Space
Select | Edit | Details | Delete
Pasyavula Akhil 2019-01-01 3 Science
Select | Edit | Details | Delete
Pasyavula Padmaja 2023-03-25 9000 English
Select | Edit | Details | Delete
Select
Edit
Details
Delete
------------------------------------------------------------------------------------------------
  Then I validate contoso university "Instructors" page    # com.cu.cukes.stepdefs.CommonStepDefs.iValidateContosoUniversityPage(java.lang.String)
1 - Validate Contoso University Instructors page Status - PASSED
]]></system-out>
  </testcase>
  <testcase name="1 - Validate Contoso University Menu links" classname="Contoso University application Manus" time="0.639">
    <system-out><![CDATA[
@Reg
Scenario: 1 - Validate Contoso University Menu links # src/main/resources/features/CUMenu/ValidateCUMenu.feature:7
Starting - 1 - Validate Contoso University Menu links
  Given I launch contoso university application      # com.cu.cukes.stepdefs.CommonStepDefs.iLaunchContosoUniversityApplication()
Home menu option is clicked
  When I click on "Home" menu option                 # com.cu.cukes.stepdefs.CommonStepDefs.iClickOnMenuOption(java.lang.String)
---------------------------------------------------------------------
CU Home page title : Home Page - Contoso University
---------------------------------------------------------------------
  Then I should see the "Home" page title            # com.cu.cukes.stepdefs.CommonStepDefs.iShouldSeeThePageTitle(java.lang.String)
About menu option is clicked
  When I click on "About" menu option                # com.cu.cukes.stepdefs.CommonStepDefs.iClickOnMenuOption(java.lang.String)
---------------------------------------------------------------------
CU About page title : Student Body Statistics - Contoso University
---------------------------------------------------------------------
  Then I should see the "About" page title           # com.cu.cukes.stepdefs.CommonStepDefs.iShouldSeeThePageTitle(java.lang.String)
Students menu option is clicked
  When I click on "Students" menu option             # com.cu.cukes.stepdefs.CommonStepDefs.iClickOnMenuOption(java.lang.String)
---------------------------------------------------------------------
CU Students page title : Students - Contoso University
---------------------------------------------------------------------
  Then I should see the "Students" page title        # com.cu.cukes.stepdefs.CommonStepDefs.iShouldSeeThePageTitle(java.lang.String)
Courses menu option is clicked
  When I click on "Courses" menu option              # com.cu.cukes.stepdefs.CommonStepDefs.iClickOnMenuOption(java.lang.String)
---------------------------------------------------------------------
CU Courses page title : Courses - Contoso University
---------------------------------------------------------------------
  Then I should see the "Courses" page title         # com.cu.cukes.stepdefs.CommonStepDefs.iShouldSeeThePageTitle(java.lang.String)
Instructors menu option is clicked
  When I click on "Instructors" menu option          # com.cu.cukes.stepdefs.CommonStepDefs.iClickOnMenuOption(java.lang.String)
---------------------------------------------------------------------
CU Instructors page title : Instructors - Contoso University
---------------------------------------------------------------------
  Then I should see the "Instructors" page title     # com.cu.cukes.stepdefs.CommonStepDefs.iShouldSeeThePageTitle(java.lang.String)
Departments menu option is clicked
  When I click on "Departments" menu option          # com.cu.cukes.stepdefs.CommonStepDefs.iClickOnMenuOption(java.lang.String)
---------------------------------------------------------------------
CU Departments page title : Departments - Contoso University
---------------------------------------------------------------------
  Then I should see the "Departments" page title     # com.cu.cukes.stepdefs.CommonStepDefs.iShouldSeeThePageTitle(java.lang.String)
1 - Validate Contoso University Menu links Status - PASSED
]]></system-out>
  </testcase>
  <testcase name="1 - Validate Contoso University Students page" classname="Contoso University Students page #2" time="0.321">
    <system-out><![CDATA[
@Reg
Scenario: 1 - Validate Contoso University Students page # src/main/resources/features/CUStudentsPage/ValidateCUStudentsPage.feature:7
Starting - 1 - Validate Contoso University Students page
  Given I launch contoso university application         # com.cu.cukes.stepdefs.CommonStepDefs.iLaunchContosoUniversityApplication()
Students menu option is clicked
  When I click on "Students" menu option                # com.cu.cukes.stepdefs.CommonStepDefs.iClickOnMenuOption(java.lang.String)
------------------------------------------------------------------------------------------------
Contoso University Students page validations: 
Validate Header Text : Students
Create New
Find by name:
Last Name First Name Enrollment Date
Pasyavula Sai 2000-06-01 Edit | Details | Delete
Pasyavula Akhil 2022-11-01 Edit | Details | Delete
Pasyavula Venky 2023-05-23 Edit | Details | Delete
Edit
Details
Delete
Students
Create New
Find by name:
Last Name First Name Enrollment Date
Pasyavula Sai 2000-06-01 Edit | Details | Delete
Pasyavula Akhil 2022-11-01 Edit | Details | Delete
Pasyavula Venky 2023-05-23 Edit | Details | Delete

Page 1 of 2
1
2
»
© 2024 - Contoso University
1
Validate pages Text : 1
------------------------------------------------------------------------------------------------
  Then I validate contoso university "Students" page    # com.cu.cukes.stepdefs.CommonStepDefs.iValidateContosoUniversityPage(java.lang.String)
1 - Validate Contoso University Students page Status - PASSED
]]></system-out>
  </testcase>
</testsuite>