<?xml version="1.0" encoding="UTF-8"?>
<testsuite xmlns:xsi="http://www.w3.org/2001/XMLSchema-instance" xsi:noNamespaceSchemaLocation="https://maven.apache.org/surefire/maven-surefire-plugin/xsd/surefire-test-report-3.0.xsd" version="3.0" name="com.cu.cukes.runners.RunCukeTest" time="8.232" tests="1" errors="0" skipped="0" failures="0">
  <properties>
[...]
</properties>
  <testcase name="1 - Validate Contoso University Students page" classname="Contoso University Students page #1" time="5.533">
    <system-out><![CDATA[
@Reg @Test01
Scenario: 1 - Validate Contoso University Students page # src/main/resources/features/Automation test/TestingTask.feature:7
Starting - 1 - Validate Contoso University Students page
  Given I launch contoso university application         # com.cu.cukes.stepdefs.CommonStepDefs.iLaunchContosoUniversityApplication()
Students menu option is clicked
  When I click on "Students" menu option                # com.cu.cukes.stepdefs.CommonStepDefs.iClickOnMenuOption(java.lang.String)
------------------------------------------------------------------------------------------------
Contoso University Students page validations: 
Validate Header Text : Students
Create New
Find by name:
Last Name First Name Enrollment Date
Pasyavula Sai 2000-06-01 Edit | Details | Delete
Pasyavula Akhil 2022-11-01 Edit | Details | Delete
Pasyavula Venky 2023-05-23 Edit | Details | Delete
Edit
Details
Delete
Students
Create New
Find by name:
Last Name First Name Enrollment Date
Pasyavula Sai 2000-06-01 Edit | Details | Delete
Pasyavula Akhil 2022-11-01 Edit | Details | Delete
Pasyavula Venky 2023-05-23 Edit | Details | Delete

Page 1 of 2
1
2
»
© 2024 - Contoso University
1
Validate pages Text : 1
------------------------------------------------------------------------------------------------
  Then I validate contoso university "Students" page    # com.cu.cukes.stepdefs.CommonStepDefs.iValidateContosoUniversityPage(java.lang.String)
1 - Validate Contoso University Students page Status - PASSED
]]></system-out>
    <system-err><![CDATA[May 01, 2024 5:05:37 PM io.cucumber.core.options.CucumberPropertiesParser lambda$warnWhenCucumberOptionsIsUsed$2
WARNING: Passing commandline options via the property 'cucumber.options' is no longer supported. Please use individual properties instead. See the java doc on io.cucumber.core.options.Constants for details.
May 01, 2024 5:05:37 PM io.cucumber.core.options.CucumberPropertiesParser lambda$warnWhenCucumberOptionsIsUsed$2
WARNING: Passing commandline options via the property 'cucumber.options' is no longer supported. Please use individual properties instead. See the java doc on io.cucumber.core.options.Constants for details.
May 01, 2024 5:05:39 PM io.github.bonigarcia.wdm.WebDriverManager resolveDriverVersion
INFO: Using msedgedriver 124.0.2478.67 (resolved driver for Edge 124)
May 01, 2024 5:05:39 PM io.github.bonigarcia.wdm.WebDriverManager exportDriver
INFO: Exporting webdriver.edge.driver as C:\Users\pasya\.cache\selenium\msedgedriver\win64\124.0.2478.67\msedgedriver.exe
]]></system-err>
  </testcase>
</testsuite>